
============================================================
Run: 2026-03-24T09:55:01.058167
2026-03-24T09:55:01.058167 | markets=445 signals=239 trades=5 closed=0 latency=307ms bal=$42.39 pnl=$0.00
============================================================

============================================================
Run: 2026-03-24T09:55:56.859603
2026-03-24T09:55:56.859603 | markets=445 signals=239 trades=5 closed=0 latency=223ms bal=$25.03 pnl=$0.00
============================================================

============================================================
Run: 2026-03-24T10:00:01.127680
2026-03-24T10:00:01.127680 | markets=445 signals=239 trades=5 closed=0 latency=398ms bal=$14.78 pnl=$0.00
============================================================

============================================================
Run: 2026-03-24T10:05:00.987219
2026-03-24T10:05:00.987219 | markets=445 signals=239 trades=5 closed=0 latency=180ms bal=$8.73 pnl=$0.00
============================================================

============================================================
Run: 2026-03-24T10:10:00.770051
2026-03-24T10:10:00.770051 | markets=445 signals=239 trades=5 closed=0 latency=487ms bal=$5.15 pnl=$0.00
============================================================

============================================================
Run: 2026-03-24T10:15:00.564026
2026-03-24T10:15:00.564026 | markets=447 signals=240 trades=5 closed=0 latency=302ms bal=$3.11 pnl=$0.00
============================================================

============================================================
Run: 2026-03-24T10:20:01.116862
2026-03-24T10:20:01.116862 | markets=447 signals=240 trades=5 closed=0 latency=372ms bal=$1.87 pnl=$0.00
============================================================

============================================================
Run: 2026-03-24T10:25:00.851224
2026-03-24T10:25:00.851224 | markets=449 signals=242 trades=5 closed=0 latency=414ms bal=$1.16 pnl=$0.00
============================================================

============================================================
Run: 2026-03-24T10:30:01.691063
2026-03-24T10:30:01.691063 | markets=449 signals=242 trades=5 closed=0 latency=496ms bal=$0.72 pnl=$0.00
============================================================

============================================================
Run: 2026-03-24T10:35:01.052333
2026-03-24T10:35:01.052333 | markets=449 signals=242 trades=5 closed=0 latency=366ms bal=$0.43 pnl=$0.00
============================================================

============================================================
Run: 2026-03-24T10:40:00.751160
2026-03-24T10:40:00.751160 | markets=449 signals=242 trades=5 closed=0 latency=341ms bal=$0.26 pnl=$0.00
============================================================

============================================================
Run: 2026-03-24T10:45:01.183607
2026-03-24T10:45:01.183607 | markets=451 signals=244 trades=5 closed=0 latency=426ms bal=$0.16 pnl=$0.00
============================================================

============================================================
Run: 2026-03-24T10:50:01.350763
2026-03-24T10:50:01.350763 | markets=451 signals=244 trades=5 closed=0 latency=432ms bal=$0.09 pnl=$0.00
============================================================

============================================================
Run: 2026-03-24T10:55:00.848797
2026-03-24T10:55:00.848797 | markets=453 signals=246 trades=5 closed=0 latency=287ms bal=$0.06 pnl=$0.00
============================================================

============================================================
Run: 2026-03-24T11:00:01.425108
2026-03-24T11:00:01.425108 | markets=453 signals=246 trades=5 closed=0 latency=280ms bal=$0.04 pnl=$0.00
============================================================

============================================================
Run: 2026-03-24T11:05:01.212622
2026-03-24T11:05:01.212622 | markets=453 signals=246 trades=5 closed=0 latency=270ms bal=$0.02 pnl=$0.00
============================================================

============================================================
Run: 2026-03-24T11:10:01.418503
2026-03-24T11:10:01.418503 | markets=453 signals=246 trades=5 closed=0 latency=420ms bal=$0.01 pnl=$0.00
============================================================

============================================================
Run: 2026-03-24T11:15:01.487961
2026-03-24T11:15:01.487961 | markets=454 signals=247 trades=5 closed=1 latency=264ms bal=$0.01 pnl=$0.01

Category Performance:
  crypto_15m         WR=100% trades=1 PnL=$0.01 [edge>=0.005]
============================================================

============================================================
Run: 2026-03-24T11:20:01.265248
2026-03-24T11:20:01.265248 | markets=454 signals=247 trades=5 closed=0 latency=422ms bal=$0.01 pnl=$0.01

Category Performance:
  crypto_15m         WR=100% trades=1 PnL=$0.01 [edge>=0.005]
============================================================

============================================================
Run: 2026-03-24T11:25:03.758275
2026-03-24T11:25:03.758275 | markets=456 signals=248 trades=5 closed=0 latency=438ms bal=$0.01 pnl=$0.01

Category Performance:
  crypto_15m         WR=100% trades=1 PnL=$0.01 [edge>=0.005]
============================================================

============================================================
Run: 2026-03-24T11:30:07.291950
2026-03-24T11:30:07.291950 | markets=456 signals=248 trades=5 closed=0 latency=634ms bal=$0.00 pnl=$0.01

Category Performance:
  crypto_15m         WR=100% trades=1 PnL=$0.01 [edge>=0.005]
============================================================

============================================================
Run: 2026-03-24T11:35:01.722964
2026-03-24T11:35:01.722964 | markets=456 signals=248 trades=5 closed=0 latency=390ms bal=$0.00 pnl=$0.01

Category Performance:
  crypto_15m         WR=100% trades=1 PnL=$0.01 [edge>=0.005]
============================================================

============================================================
Run: 2026-03-24T11:40:01.377933
2026-03-24T11:40:01.377933 | markets=456 signals=248 trades=5 closed=0 latency=643ms bal=$0.00 pnl=$0.01

Category Performance:
  crypto_15m         WR=100% trades=1 PnL=$0.01 [edge>=0.005]
============================================================

============================================================
Run: 2026-03-24T11:45:01.173077
2026-03-24T11:45:01.173077 | markets=457 signals=249 trades=5 closed=0 latency=294ms bal=$0.00 pnl=$0.01

Category Performance:
  crypto_15m         WR=100% trades=1 PnL=$0.01 [edge>=0.005]
============================================================

============================================================
Run: 2026-03-24T11:50:01.645773
2026-03-24T11:50:01.645773 | markets=457 signals=249 trades=5 closed=0 latency=649ms bal=$0.00 pnl=$0.01

Category Performance:
  crypto_15m         WR=100% trades=1 PnL=$0.01 [edge>=0.005]
============================================================

============================================================
Run: 2026-03-24T11:55:02.468608
2026-03-24T11:55:02.468608 | markets=459 signals=251 trades=5 closed=0 latency=721ms bal=$0.00 pnl=$0.01

Category Performance:
  crypto_15m         WR=100% trades=1 PnL=$0.01 [edge>=0.005]
============================================================

============================================================
Run: 2026-03-24T12:00:02.952116
2026-03-24T12:00:02.952116 | markets=459 signals=251 trades=5 closed=0 latency=855ms bal=$0.00 pnl=$0.01

Category Performance:
  crypto_15m         WR=100% trades=1 PnL=$0.01 [edge>=0.005]
============================================================

============================================================
Run: 2026-03-24T12:05:01.819950
2026-03-24T12:05:01.819950 | markets=459 signals=251 trades=5 closed=0 latency=388ms bal=$0.00 pnl=$0.01

Category Performance:
  crypto_15m         WR=100% trades=1 PnL=$0.01 [edge>=0.005]
============================================================

============================================================
Run: 2026-03-24T12:10:02.314317
2026-03-24T12:10:02.314317 | markets=459 signals=251 trades=5 closed=0 latency=930ms bal=$0.00 pnl=$0.01

Category Performance:
  crypto_15m         WR=100% trades=1 PnL=$0.01 [edge>=0.005]
============================================================

============================================================
Run: 2026-03-24T12:15:01.014641
2026-03-24T12:15:01.014641 | markets=461 signals=253 trades=5 closed=0 latency=573ms bal=$0.00 pnl=$0.01

Category Performance:
  crypto_15m         WR=100% trades=1 PnL=$0.01 [edge>=0.005]
============================================================

============================================================
Run: 2026-03-24T12:20:01.391728
2026-03-24T12:20:01.391728 | markets=461 signals=253 trades=5 closed=0 latency=364ms bal=$0.00 pnl=$0.01

Category Performance:
  crypto_15m         WR=100% trades=1 PnL=$0.01 [edge>=0.005]
============================================================

============================================================
Run: 2026-03-24T12:25:01.262840
2026-03-24T12:25:01.262840 | markets=463 signals=255 trades=5 closed=0 latency=336ms bal=$0.00 pnl=$0.01

Category Performance:
  crypto_15m         WR=100% trades=1 PnL=$0.01 [edge>=0.005]
============================================================

============================================================
Run: 2026-03-24T12:30:01.197435
2026-03-24T12:30:01.197435 | markets=463 signals=255 trades=5 closed=0 latency=331ms bal=$0.00 pnl=$0.01

Category Performance:
  crypto_15m         WR=100% trades=1 PnL=$0.01 [edge>=0.005]
============================================================

============================================================
Run: 2026-03-24T12:35:01.107617
2026-03-24T12:35:01.107617 | markets=463 signals=255 trades=5 closed=0 latency=289ms bal=$0.00 pnl=$0.01

Category Performance:
  crypto_15m         WR=100% trades=1 PnL=$0.01 [edge>=0.005]
============================================================

============================================================
Run: 2026-03-24T12:40:00.824398
2026-03-24T12:40:00.824398 | markets=463 signals=255 trades=5 closed=0 latency=298ms bal=$0.00 pnl=$0.01

Category Performance:
  crypto_15m         WR=100% trades=1 PnL=$0.01 [edge>=0.005]
============================================================

============================================================
Run: 2026-03-24T12:45:00.517153
2026-03-24T12:45:00.517153 | markets=463 signals=255 trades=5 closed=0 latency=251ms bal=$0.00 pnl=$0.01

Category Performance:
  crypto_15m         WR=100% trades=1 PnL=$0.01 [edge>=0.005]
============================================================

============================================================
Run: 2026-03-24T12:50:01.381012
2026-03-24T12:50:01.381012 | markets=463 signals=255 trades=5 closed=0 latency=366ms bal=$0.00 pnl=$0.01

Category Performance:
  crypto_15m         WR=100% trades=1 PnL=$0.01 [edge>=0.005]
============================================================

============================================================
Run: 2026-03-24T12:55:00.958879
2026-03-24T12:55:00.958879 | markets=463 signals=255 trades=5 closed=0 latency=276ms bal=$0.00 pnl=$0.01

Category Performance:
  crypto_15m         WR=100% trades=1 PnL=$0.01 [edge>=0.005]
============================================================

============================================================
Run: 2026-03-24T13:00:01.013326
2026-03-24T13:00:01.013326 | markets=463 signals=255 trades=5 closed=0 latency=403ms bal=$0.00 pnl=$0.01

Category Performance:
  crypto_15m         WR=100% trades=1 PnL=$0.01 [edge>=0.005]
============================================================

============================================================
Run: 2026-03-24T13:05:00.684695
2026-03-24T13:05:00.684695 | markets=463 signals=255 trades=5 closed=0 latency=253ms bal=$0.00 pnl=$0.01

Category Performance:
  crypto_15m         WR=100% trades=1 PnL=$0.01 [edge>=0.005]
============================================================

============================================================
Run: 2026-03-24T13:10:00.854605
2026-03-24T13:10:00.854605 | markets=463 signals=255 trades=5 closed=0 latency=599ms bal=$0.00 pnl=$0.01

Category Performance:
  crypto_15m         WR=100% trades=1 PnL=$0.01 [edge>=0.005]
============================================================

============================================================
Run: 2026-03-24T13:15:01.364430
2026-03-24T13:15:01.364430 | markets=463 signals=255 trades=5 closed=0 latency=337ms bal=$0.00 pnl=$0.01

Category Performance:
  crypto_15m         WR=100% trades=1 PnL=$0.01 [edge>=0.005]
============================================================

============================================================
Run: 2026-03-24T13:20:00.933160
2026-03-24T13:20:00.933160 | markets=463 signals=255 trades=5 closed=0 latency=359ms bal=$0.00 pnl=$0.01

Category Performance:
  crypto_15m         WR=100% trades=1 PnL=$0.01 [edge>=0.005]
============================================================

============================================================
Run: 2026-03-24T13:25:00.869780
2026-03-24T13:25:00.869780 | markets=463 signals=255 trades=5 closed=0 latency=260ms bal=$0.00 pnl=$0.01

Category Performance:
  crypto_15m         WR=100% trades=1 PnL=$0.01 [edge>=0.005]
============================================================

============================================================
Run: 2026-03-24T13:30:01.676795
2026-03-24T13:30:01.676795 | markets=463 signals=255 trades=5 closed=0 latency=406ms bal=$0.00 pnl=$0.01

Category Performance:
  crypto_15m         WR=100% trades=1 PnL=$0.01 [edge>=0.005]
============================================================

============================================================
Run: 2026-03-24T13:35:00.595217
2026-03-24T13:35:00.595217 | markets=463 signals=255 trades=5 closed=0 latency=621ms bal=$0.00 pnl=$0.01

Category Performance:
  crypto_15m         WR=100% trades=1 PnL=$0.01 [edge>=0.005]
============================================================

============================================================
Run: 2026-03-24T13:40:01.464876
2026-03-24T13:40:01.464876 | markets=463 signals=255 trades=5 closed=0 latency=914ms bal=$0.00 pnl=$0.01

Category Performance:
  crypto_15m         WR=100% trades=1 PnL=$0.01 [edge>=0.005]
============================================================

============================================================
Run: 2026-03-24T13:45:01.349368
2026-03-24T13:45:01.349368 | markets=463 signals=255 trades=5 closed=0 latency=289ms bal=$0.00 pnl=$0.01

Category Performance:
  crypto_15m         WR=100% trades=1 PnL=$0.01 [edge>=0.005]
============================================================

============================================================
Run: 2026-03-24T13:50:01.220229
2026-03-24T13:50:01.220229 | markets=463 signals=255 trades=5 closed=0 latency=411ms bal=$0.00 pnl=$0.01

Category Performance:
  crypto_15m         WR=100% trades=1 PnL=$0.01 [edge>=0.005]
============================================================

============================================================
Run: 2026-03-24T13:55:01.502393
2026-03-24T13:55:01.502393 | markets=463 signals=255 trades=5 closed=0 latency=417ms bal=$0.00 pnl=$0.01

Category Performance:
  crypto_15m         WR=100% trades=1 PnL=$0.01 [edge>=0.005]
============================================================

============================================================
Run: 2026-03-24T14:00:01.582281
2026-03-24T14:00:01.582281 | markets=463 signals=255 trades=5 closed=0 latency=431ms bal=$0.00 pnl=$0.01

Category Performance:
  crypto_15m         WR=100% trades=1 PnL=$0.01 [edge>=0.005]
============================================================

============================================================
Run: 2026-03-24T14:05:01.370393
2026-03-24T14:05:01.370393 | markets=463 signals=255 trades=1 closed=0 latency=273ms bal=$0.00 pnl=$0.01

Category Performance:
  crypto_15m         WR=100% trades=1 PnL=$0.01 [edge>=0.005]
============================================================

============================================================
Run: 2026-03-24T14:10:01.707017
2026-03-24T14:10:01.707017 | markets=463 signals=255 trades=0 closed=0 latency=369ms bal=$0.00 pnl=$0.01

Category Performance:
  crypto_15m         WR=100% trades=1 PnL=$0.01 [edge>=0.005]
============================================================

============================================================
Run: 2026-03-24T14:15:00.585709
2026-03-24T14:15:00.585709 | markets=463 signals=255 trades=0 closed=0 latency=516ms bal=$0.00 pnl=$0.01

Category Performance:
  crypto_15m         WR=100% trades=1 PnL=$0.01 [edge>=0.005]
============================================================

============================================================
Run: 2026-03-24T14:20:01.756960
2026-03-24T14:20:01.756960 | markets=463 signals=255 trades=0 closed=0 latency=584ms bal=$0.00 pnl=$0.01

Category Performance:
  crypto_15m         WR=100% trades=1 PnL=$0.01 [edge>=0.005]
============================================================

============================================================
Run: 2026-03-24T14:25:01.184841
2026-03-24T14:25:01.184841 | markets=463 signals=255 trades=0 closed=0 latency=671ms bal=$0.00 pnl=$0.01

Category Performance:
  crypto_15m         WR=100% trades=1 PnL=$0.01 [edge>=0.005]
============================================================

============================================================
Run: 2026-03-24T14:30:01.805558
2026-03-24T14:30:01.805558 | markets=463 signals=255 trades=0 closed=0 latency=433ms bal=$0.00 pnl=$0.01

Category Performance:
  crypto_15m         WR=100% trades=1 PnL=$0.01 [edge>=0.005]
============================================================

============================================================
Run: 2026-03-24T14:35:01.571394
2026-03-24T14:35:01.571394 | markets=463 signals=255 trades=0 closed=0 latency=472ms bal=$0.00 pnl=$0.01

Category Performance:
  crypto_15m         WR=100% trades=1 PnL=$0.01 [edge>=0.005]
============================================================

============================================================
Run: 2026-03-24T14:40:01.483062
2026-03-24T14:40:01.483062 | markets=463 signals=255 trades=0 closed=0 latency=451ms bal=$0.00 pnl=$0.01

Category Performance:
  crypto_15m         WR=100% trades=1 PnL=$0.01 [edge>=0.005]
============================================================

============================================================
Run: 2026-03-24T14:45:01.158417
2026-03-24T14:45:01.158417 | markets=463 signals=255 trades=0 closed=0 latency=259ms bal=$0.00 pnl=$0.01

Category Performance:
  crypto_15m         WR=100% trades=1 PnL=$0.01 [edge>=0.005]
============================================================

============================================================
Run: 2026-03-24T14:50:01.607103
2026-03-24T14:50:01.607103 | markets=463 signals=255 trades=0 closed=0 latency=345ms bal=$0.00 pnl=$0.01

Category Performance:
  crypto_15m         WR=100% trades=1 PnL=$0.01 [edge>=0.005]
============================================================

============================================================
Run: 2026-03-24T14:55:00.615080
2026-03-24T14:55:00.615080 | markets=463 signals=255 trades=0 closed=0 latency=342ms bal=$0.00 pnl=$0.01

Category Performance:
  crypto_15m         WR=100% trades=1 PnL=$0.01 [edge>=0.005]
============================================================

============================================================
Run: 2026-03-24T15:00:01.856654
2026-03-24T15:00:01.856654 | markets=463 signals=255 trades=0 closed=0 latency=392ms bal=$0.00 pnl=$0.01

Category Performance:
  crypto_15m         WR=100% trades=1 PnL=$0.01 [edge>=0.005]
============================================================

============================================================
Run: 2026-03-24T15:05:01.158343
2026-03-24T15:05:01.158343 | markets=463 signals=255 trades=0 closed=0 latency=278ms bal=$0.00 pnl=$0.01

Category Performance:
  crypto_15m         WR=100% trades=1 PnL=$0.01 [edge>=0.005]
============================================================

============================================================
Run: 2026-03-24T15:10:01.080112
2026-03-24T15:10:01.080112 | markets=463 signals=255 trades=0 closed=0 latency=439ms bal=$0.00 pnl=$0.01

Category Performance:
  crypto_15m         WR=100% trades=1 PnL=$0.01 [edge>=0.005]
============================================================

============================================================
Run: 2026-03-24T15:15:01.247600
2026-03-24T15:15:01.247600 | markets=463 signals=255 trades=0 closed=0 latency=344ms bal=$0.00 pnl=$0.01

Category Performance:
  crypto_15m         WR=100% trades=1 PnL=$0.01 [edge>=0.005]
============================================================

============================================================
Run: 2026-03-24T15:20:02.961547
2026-03-24T15:20:02.961547 | markets=463 signals=255 trades=0 closed=0 latency=407ms bal=$0.00 pnl=$0.01

Category Performance:
  crypto_15m         WR=100% trades=1 PnL=$0.01 [edge>=0.005]
============================================================

============================================================
Run: 2026-03-24T15:25:01.567091
2026-03-24T15:25:01.567091 | markets=463 signals=255 trades=0 closed=0 latency=275ms bal=$0.00 pnl=$0.01

Category Performance:
  crypto_15m         WR=100% trades=1 PnL=$0.01 [edge>=0.005]
============================================================

============================================================
Run: 2026-03-24T15:30:02.454671
2026-03-24T15:30:02.454671 | markets=463 signals=255 trades=0 closed=0 latency=471ms bal=$0.00 pnl=$0.01

Category Performance:
  crypto_15m         WR=100% trades=1 PnL=$0.01 [edge>=0.005]
============================================================

============================================================
Run: 2026-03-24T15:35:00.894830
2026-03-24T15:35:00.894830 | markets=463 signals=255 trades=0 closed=0 latency=398ms bal=$0.00 pnl=$0.01

Category Performance:
  crypto_15m         WR=100% trades=1 PnL=$0.01 [edge>=0.005]
============================================================

============================================================
Run: 2026-03-24T15:40:00.735425
2026-03-24T15:40:00.735425 | markets=463 signals=255 trades=0 closed=0 latency=455ms bal=$0.00 pnl=$0.01

Category Performance:
  crypto_15m         WR=100% trades=1 PnL=$0.01 [edge>=0.005]
============================================================

============================================================
Run: 2026-03-24T15:45:01.614679
2026-03-24T15:45:01.614679 | markets=463 signals=255 trades=0 closed=0 latency=356ms bal=$0.00 pnl=$0.01

Category Performance:
  crypto_15m         WR=100% trades=1 PnL=$0.01 [edge>=0.005]
============================================================

============================================================
Run: 2026-03-24T15:50:01.720179
2026-03-24T15:50:01.720179 | markets=463 signals=255 trades=0 closed=0 latency=515ms bal=$0.00 pnl=$0.01

Category Performance:
  crypto_15m         WR=100% trades=1 PnL=$0.01 [edge>=0.005]
============================================================

============================================================
Run: 2026-03-24T15:55:01.152412
2026-03-24T15:55:01.152412 | markets=463 signals=255 trades=0 closed=0 latency=448ms bal=$0.00 pnl=$0.01

Category Performance:
  crypto_15m         WR=100% trades=1 PnL=$0.01 [edge>=0.005]
============================================================

============================================================
Run: 2026-03-24T16:00:01.257947
2026-03-24T16:00:01.257947 | markets=463 signals=255 trades=0 closed=0 latency=325ms bal=$0.00 pnl=$0.01

Category Performance:
  crypto_15m         WR=100% trades=1 PnL=$0.01 [edge>=0.005]
============================================================

============================================================
Run: 2026-03-24T16:05:01.303247
2026-03-24T16:05:01.303247 | markets=463 signals=255 trades=0 closed=0 latency=259ms bal=$0.00 pnl=$0.01

Category Performance:
  crypto_15m         WR=100% trades=1 PnL=$0.01 [edge>=0.005]
============================================================

============================================================
Run: 2026-03-24T16:10:01.144420
2026-03-24T16:10:01.144420 | markets=463 signals=255 trades=0 closed=0 latency=350ms bal=$0.00 pnl=$0.01

Category Performance:
  crypto_15m         WR=100% trades=1 PnL=$0.01 [edge>=0.005]
============================================================

============================================================
Run: 2026-03-24T16:15:01.153907
2026-03-24T16:15:01.153907 | markets=463 signals=255 trades=0 closed=0 latency=271ms bal=$0.00 pnl=$0.01

Category Performance:
  crypto_15m         WR=100% trades=1 PnL=$0.01 [edge>=0.005]
============================================================

============================================================
Run: 2026-03-24T16:20:01.755454
2026-03-24T16:20:01.755454 | markets=463 signals=255 trades=0 closed=0 latency=415ms bal=$0.00 pnl=$0.01

Category Performance:
  crypto_15m         WR=100% trades=1 PnL=$0.01 [edge>=0.005]
============================================================

============================================================
Run: 2026-03-24T16:25:01.138899
2026-03-24T16:25:01.138899 | markets=463 signals=255 trades=0 closed=0 latency=363ms bal=$0.00 pnl=$0.01

Category Performance:
  crypto_15m         WR=100% trades=1 PnL=$0.01 [edge>=0.005]
============================================================

============================================================
Run: 2026-03-24T16:30:02.913678
2026-03-24T16:30:02.913678 | markets=463 signals=255 trades=0 closed=0 latency=483ms bal=$0.00 pnl=$0.01

Category Performance:
  crypto_15m         WR=100% trades=1 PnL=$0.01 [edge>=0.005]
============================================================

============================================================
Run: 2026-03-24T16:35:01.563726
2026-03-24T16:35:01.563726 | markets=463 signals=255 trades=0 closed=0 latency=436ms bal=$0.00 pnl=$0.01

Category Performance:
  crypto_15m         WR=100% trades=1 PnL=$0.01 [edge>=0.005]
============================================================

============================================================
Run: 2026-03-24T16:40:02.195326
2026-03-24T16:40:02.195326 | markets=463 signals=255 trades=0 closed=0 latency=404ms bal=$0.00 pnl=$0.01

Category Performance:
  crypto_15m         WR=100% trades=1 PnL=$0.01 [edge>=0.005]
============================================================

============================================================
Run: 2026-03-24T16:45:01.621069
2026-03-24T16:45:01.621069 | markets=463 signals=255 trades=0 closed=0 latency=295ms bal=$0.00 pnl=$0.01

Category Performance:
  crypto_15m         WR=100% trades=1 PnL=$0.01 [edge>=0.005]
============================================================

============================================================
Run: 2026-03-24T16:50:01.750963
2026-03-24T16:50:01.750963 | markets=463 signals=255 trades=0 closed=0 latency=297ms bal=$0.00 pnl=$0.01

Category Performance:
  crypto_15m         WR=100% trades=1 PnL=$0.01 [edge>=0.005]
============================================================

============================================================
Run: 2026-03-24T16:55:01.130998
2026-03-24T16:55:01.130998 | markets=463 signals=255 trades=0 closed=0 latency=271ms bal=$0.00 pnl=$0.01

Category Performance:
  crypto_15m         WR=100% trades=1 PnL=$0.01 [edge>=0.005]
============================================================

============================================================
Run: 2026-03-24T17:00:01.687221
2026-03-24T17:00:01.687221 | markets=463 signals=255 trades=0 closed=0 latency=371ms bal=$0.00 pnl=$0.01

Category Performance:
  crypto_15m         WR=100% trades=1 PnL=$0.01 [edge>=0.005]
============================================================

============================================================
Run: 2026-03-24T17:05:01.119067
2026-03-24T17:05:01.119067 | markets=463 signals=255 trades=0 closed=0 latency=305ms bal=$0.00 pnl=$0.01

Category Performance:
  crypto_15m         WR=100% trades=1 PnL=$0.01 [edge>=0.005]
============================================================

============================================================
Run: 2026-03-24T17:10:01.267150
2026-03-24T17:10:01.267150 | markets=463 signals=255 trades=0 closed=0 latency=364ms bal=$0.00 pnl=$0.01

Category Performance:
  crypto_15m         WR=100% trades=1 PnL=$0.01 [edge>=0.005]
============================================================

============================================================
Run: 2026-03-24T17:15:01.185232
2026-03-24T17:15:01.185232 | markets=463 signals=255 trades=0 closed=0 latency=269ms bal=$0.00 pnl=$0.01

Category Performance:
  crypto_15m         WR=100% trades=1 PnL=$0.01 [edge>=0.005]
============================================================

============================================================
Run: 2026-03-24T17:20:01.286519
2026-03-24T17:20:01.286519 | markets=463 signals=255 trades=0 closed=0 latency=371ms bal=$0.00 pnl=$0.01

Category Performance:
  crypto_15m         WR=100% trades=1 PnL=$0.01 [edge>=0.005]
============================================================

============================================================
Run: 2026-03-24T17:25:00.902639
2026-03-24T17:25:00.902639 | markets=463 signals=255 trades=0 closed=0 latency=260ms bal=$0.00 pnl=$0.01

Category Performance:
  crypto_15m         WR=100% trades=1 PnL=$0.01 [edge>=0.005]
============================================================

============================================================
Run: 2026-03-24T17:30:01.518779
2026-03-24T17:30:01.518779 | markets=463 signals=255 trades=0 closed=0 latency=374ms bal=$0.00 pnl=$0.01

Category Performance:
  crypto_15m         WR=100% trades=1 PnL=$0.01 [edge>=0.005]
============================================================

============================================================
Run: 2026-03-24T17:35:00.781007
2026-03-24T17:35:00.781007 | markets=463 signals=255 trades=0 closed=0 latency=249ms bal=$0.00 pnl=$0.01

Category Performance:
  crypto_15m         WR=100% trades=1 PnL=$0.01 [edge>=0.005]
============================================================

============================================================
Run: 2026-03-24T17:40:00.970871
2026-03-24T17:40:00.970871 | markets=463 signals=255 trades=0 closed=0 latency=296ms bal=$0.00 pnl=$0.01

Category Performance:
  crypto_15m         WR=100% trades=1 PnL=$0.01 [edge>=0.005]
============================================================

============================================================
Run: 2026-03-24T17:45:00.705655
2026-03-24T17:45:00.705655 | markets=463 signals=255 trades=0 closed=0 latency=276ms bal=$0.00 pnl=$0.01

Category Performance:
  crypto_15m         WR=100% trades=1 PnL=$0.01 [edge>=0.005]
============================================================

============================================================
Run: 2026-03-24T17:50:01.228093
2026-03-24T17:50:01.228093 | markets=463 signals=255 trades=0 closed=0 latency=344ms bal=$0.00 pnl=$0.01

Category Performance:
  crypto_15m         WR=100% trades=1 PnL=$0.01 [edge>=0.005]
============================================================

============================================================
Run: 2026-03-24T17:55:00.773411
2026-03-24T17:55:00.773411 | markets=463 signals=255 trades=0 closed=0 latency=282ms bal=$0.00 pnl=$0.01

Category Performance:
  crypto_15m         WR=100% trades=1 PnL=$0.01 [edge>=0.005]
============================================================

============================================================
Run: 2026-03-24T18:00:01.678756
2026-03-24T18:00:01.678756 | markets=463 signals=255 trades=0 closed=0 latency=419ms bal=$0.00 pnl=$0.01

Category Performance:
  crypto_15m         WR=100% trades=1 PnL=$0.01 [edge>=0.005]
============================================================

============================================================
Run: 2026-03-24T18:05:01.490226
2026-03-24T18:05:01.490226 | markets=463 signals=255 trades=0 closed=0 latency=275ms bal=$0.00 pnl=$0.01

Category Performance:
  crypto_15m         WR=100% trades=1 PnL=$0.01 [edge>=0.005]
============================================================

============================================================
Run: 2026-03-24T18:10:01.512382
2026-03-24T18:10:01.512382 | markets=463 signals=255 trades=0 closed=0 latency=394ms bal=$0.00 pnl=$0.01

Category Performance:
  crypto_15m         WR=100% trades=1 PnL=$0.01 [edge>=0.005]
============================================================

============================================================
Run: 2026-03-24T18:15:01.438765
2026-03-24T18:15:01.438765 | markets=463 signals=255 trades=0 closed=0 latency=252ms bal=$0.00 pnl=$0.01

Category Performance:
  crypto_15m         WR=100% trades=1 PnL=$0.01 [edge>=0.005]
============================================================

============================================================
Run: 2026-03-24T18:20:01.322025
2026-03-24T18:20:01.322025 | markets=463 signals=255 trades=0 closed=0 latency=342ms bal=$0.00 pnl=$0.01

Category Performance:
  crypto_15m         WR=100% trades=1 PnL=$0.01 [edge>=0.005]
============================================================

============================================================
Run: 2026-03-24T18:25:00.983038
2026-03-24T18:25:00.983038 | markets=463 signals=255 trades=0 closed=0 latency=282ms bal=$0.00 pnl=$0.01

Category Performance:
  crypto_15m         WR=100% trades=1 PnL=$0.01 [edge>=0.005]
============================================================

============================================================
Run: 2026-03-24T18:30:01.228462
2026-03-24T18:30:01.228462 | markets=463 signals=255 trades=0 closed=0 latency=429ms bal=$0.00 pnl=$0.01

Category Performance:
  crypto_15m         WR=100% trades=1 PnL=$0.01 [edge>=0.005]
============================================================

============================================================
Run: 2026-03-24T18:35:00.744478
2026-03-24T18:35:00.744478 | markets=463 signals=255 trades=0 closed=0 latency=307ms bal=$0.00 pnl=$0.01

Category Performance:
  crypto_15m         WR=100% trades=1 PnL=$0.01 [edge>=0.005]
============================================================

============================================================
Run: 2026-03-24T18:40:01.683361
2026-03-24T18:40:01.683361 | markets=463 signals=255 trades=0 closed=0 latency=341ms bal=$0.00 pnl=$0.01

Category Performance:
  crypto_15m         WR=100% trades=1 PnL=$0.01 [edge>=0.005]
============================================================

============================================================
Run: 2026-03-24T18:45:00.779791
2026-03-24T18:45:00.779791 | markets=463 signals=255 trades=0 closed=0 latency=336ms bal=$0.00 pnl=$0.01

Category Performance:
  crypto_15m         WR=100% trades=1 PnL=$0.01 [edge>=0.005]
============================================================

============================================================
Run: 2026-03-24T18:50:01.354276
2026-03-24T18:50:01.354276 | markets=463 signals=255 trades=0 closed=0 latency=423ms bal=$0.00 pnl=$0.01

Category Performance:
  crypto_15m         WR=100% trades=1 PnL=$0.01 [edge>=0.005]
============================================================

============================================================
Run: 2026-03-24T18:55:01.113135
2026-03-24T18:55:01.113135 | markets=463 signals=255 trades=0 closed=0 latency=312ms bal=$0.00 pnl=$0.01

Category Performance:
  crypto_15m         WR=100% trades=1 PnL=$0.01 [edge>=0.005]
============================================================

============================================================
Run: 2026-03-24T19:00:02.011507
2026-03-24T19:00:02.011507 | markets=463 signals=255 trades=0 closed=0 latency=493ms bal=$0.00 pnl=$0.01

Category Performance:
  crypto_15m         WR=100% trades=1 PnL=$0.01 [edge>=0.005]
============================================================

============================================================
Run: 2026-03-24T19:05:00.852632
2026-03-24T19:05:00.852632 | markets=463 signals=255 trades=0 closed=0 latency=256ms bal=$0.00 pnl=$0.01

Category Performance:
  crypto_15m         WR=100% trades=1 PnL=$0.01 [edge>=0.005]
============================================================

============================================================
Run: 2026-03-24T19:10:01.024458
2026-03-24T19:10:01.024458 | markets=463 signals=255 trades=0 closed=0 latency=323ms bal=$0.00 pnl=$0.01

Category Performance:
  crypto_15m         WR=100% trades=1 PnL=$0.01 [edge>=0.005]
============================================================

============================================================
Run: 2026-03-24T19:15:01.499889
2026-03-24T19:15:01.499889 | markets=463 signals=255 trades=0 closed=0 latency=274ms bal=$0.00 pnl=$0.01

Category Performance:
  crypto_15m         WR=100% trades=1 PnL=$0.01 [edge>=0.005]
============================================================

============================================================
Run: 2026-03-24T19:20:01.406729
2026-03-24T19:20:01.406729 | markets=463 signals=255 trades=0 closed=0 latency=384ms bal=$0.00 pnl=$0.01

Category Performance:
  crypto_15m         WR=100% trades=1 PnL=$0.01 [edge>=0.005]
============================================================

============================================================
Run: 2026-03-24T19:25:00.530279
2026-03-24T19:25:00.530279 | markets=463 signals=255 trades=0 closed=0 latency=265ms bal=$0.00 pnl=$0.01

Category Performance:
  crypto_15m         WR=100% trades=1 PnL=$0.01 [edge>=0.005]
============================================================

============================================================
Run: 2026-03-24T19:30:01.446098
2026-03-24T19:30:01.446098 | markets=463 signals=255 trades=0 closed=0 latency=434ms bal=$0.00 pnl=$0.01

Category Performance:
  crypto_15m         WR=100% trades=1 PnL=$0.01 [edge>=0.005]
============================================================

============================================================
Run: 2026-03-24T19:35:01.363574
2026-03-24T19:35:01.363574 | markets=463 signals=255 trades=0 closed=0 latency=282ms bal=$0.00 pnl=$0.01

Category Performance:
  crypto_15m         WR=100% trades=1 PnL=$0.01 [edge>=0.005]
============================================================

============================================================
Run: 2026-03-24T19:40:01.225560
2026-03-24T19:40:01.225560 | markets=463 signals=255 trades=0 closed=0 latency=370ms bal=$0.00 pnl=$0.01

Category Performance:
  crypto_15m         WR=100% trades=1 PnL=$0.01 [edge>=0.005]
============================================================

============================================================
Run: 2026-03-24T19:45:00.519654
2026-03-24T19:45:00.519654 | markets=463 signals=255 trades=0 closed=0 latency=250ms bal=$0.00 pnl=$0.01

Category Performance:
  crypto_15m         WR=100% trades=1 PnL=$0.01 [edge>=0.005]
============================================================

============================================================
Run: 2026-03-24T19:50:01.131388
2026-03-24T19:50:01.131388 | markets=463 signals=255 trades=0 closed=0 latency=347ms bal=$0.00 pnl=$0.01

Category Performance:
  crypto_15m         WR=100% trades=1 PnL=$0.01 [edge>=0.005]
============================================================

============================================================
Run: 2026-03-24T19:55:01.073725
2026-03-24T19:55:01.073725 | markets=463 signals=255 trades=0 closed=0 latency=288ms bal=$0.00 pnl=$0.01

Category Performance:
  crypto_15m         WR=100% trades=1 PnL=$0.01 [edge>=0.005]
============================================================

============================================================
Run: 2026-03-24T20:00:01.560059
2026-03-24T20:00:01.560059 | markets=463 signals=255 trades=0 closed=0 latency=366ms bal=$0.00 pnl=$0.01

Category Performance:
  crypto_15m         WR=100% trades=1 PnL=$0.01 [edge>=0.005]
============================================================

============================================================
Run: 2026-03-24T20:05:01.326208
2026-03-24T20:05:01.326208 | markets=463 signals=255 trades=0 closed=0 latency=302ms bal=$0.00 pnl=$0.01

Category Performance:
  crypto_15m         WR=100% trades=1 PnL=$0.01 [edge>=0.005]
============================================================

============================================================
Run: 2026-03-24T20:10:01.294784
2026-03-24T20:10:01.294784 | markets=463 signals=255 trades=0 closed=0 latency=403ms bal=$0.00 pnl=$0.01

Category Performance:
  crypto_15m         WR=100% trades=1 PnL=$0.01 [edge>=0.005]
============================================================

============================================================
Run: 2026-03-24T20:15:01.071230
2026-03-24T20:15:01.071230 | markets=463 signals=255 trades=0 closed=0 latency=336ms bal=$0.00 pnl=$0.01

Category Performance:
  crypto_15m         WR=100% trades=1 PnL=$0.01 [edge>=0.005]
============================================================

============================================================
Run: 2026-03-24T20:20:00.985801
2026-03-24T20:20:00.985801 | markets=463 signals=255 trades=0 closed=0 latency=320ms bal=$0.00 pnl=$0.01

Category Performance:
  crypto_15m         WR=100% trades=1 PnL=$0.01 [edge>=0.005]
============================================================

============================================================
Run: 2026-03-24T20:25:01.270090
2026-03-24T20:25:01.270090 | markets=463 signals=255 trades=0 closed=0 latency=279ms bal=$0.00 pnl=$0.01

Category Performance:
  crypto_15m         WR=100% trades=1 PnL=$0.01 [edge>=0.005]
============================================================

============================================================
Run: 2026-03-24T20:30:01.137783
2026-03-24T20:30:01.137783 | markets=463 signals=255 trades=0 closed=0 latency=414ms bal=$0.00 pnl=$0.01

Category Performance:
  crypto_15m         WR=100% trades=1 PnL=$0.01 [edge>=0.005]
============================================================

============================================================
Run: 2026-03-24T20:35:00.787288
2026-03-24T20:35:00.787288 | markets=463 signals=255 trades=0 closed=0 latency=253ms bal=$0.00 pnl=$0.01

Category Performance:
  crypto_15m         WR=100% trades=1 PnL=$0.01 [edge>=0.005]
============================================================

============================================================
Run: 2026-03-24T20:40:01.149599
2026-03-24T20:40:01.149599 | markets=463 signals=255 trades=0 closed=0 latency=350ms bal=$0.00 pnl=$0.01

Category Performance:
  crypto_15m         WR=100% trades=1 PnL=$0.01 [edge>=0.005]
============================================================

============================================================
Run: 2026-03-24T20:45:01.026248
2026-03-24T20:45:01.026248 | markets=463 signals=255 trades=0 closed=0 latency=293ms bal=$0.00 pnl=$0.01

Category Performance:
  crypto_15m         WR=100% trades=1 PnL=$0.01 [edge>=0.005]
============================================================

============================================================
Run: 2026-03-24T20:50:01.692251
2026-03-24T20:50:01.692251 | markets=463 signals=255 trades=0 closed=0 latency=306ms bal=$0.00 pnl=$0.01

Category Performance:
  crypto_15m         WR=100% trades=1 PnL=$0.01 [edge>=0.005]
============================================================

============================================================
Run: 2026-03-24T20:55:01.397888
2026-03-24T20:55:01.397888 | markets=463 signals=255 trades=0 closed=0 latency=273ms bal=$0.00 pnl=$0.01

Category Performance:
  crypto_15m         WR=100% trades=1 PnL=$0.01 [edge>=0.005]
============================================================

============================================================
Run: 2026-03-24T21:00:01.597271
2026-03-24T21:00:01.597271 | markets=463 signals=255 trades=0 closed=0 latency=351ms bal=$0.00 pnl=$0.01

Category Performance:
  crypto_15m         WR=100% trades=1 PnL=$0.01 [edge>=0.005]
============================================================

============================================================
Run: 2026-03-24T21:05:00.759251
2026-03-24T21:05:00.759251 | markets=463 signals=255 trades=0 closed=0 latency=280ms bal=$0.00 pnl=$0.01

Category Performance:
  crypto_15m         WR=100% trades=1 PnL=$0.01 [edge>=0.005]
============================================================

============================================================
Run: 2026-03-24T21:10:01.213237
2026-03-24T21:10:01.213237 | markets=463 signals=255 trades=0 closed=0 latency=297ms bal=$0.00 pnl=$0.01

Category Performance:
  crypto_15m         WR=100% trades=1 PnL=$0.01 [edge>=0.005]
============================================================

============================================================
Run: 2026-03-24T21:15:00.557795
2026-03-24T21:15:00.557795 | markets=463 signals=255 trades=0 closed=0 latency=327ms bal=$0.00 pnl=$0.01

Category Performance:
  crypto_15m         WR=100% trades=1 PnL=$0.01 [edge>=0.005]
============================================================

============================================================
Run: 2026-03-24T21:20:01.478641
2026-03-24T21:20:01.478641 | markets=463 signals=255 trades=0 closed=0 latency=407ms bal=$0.00 pnl=$0.01

Category Performance:
  crypto_15m         WR=100% trades=1 PnL=$0.01 [edge>=0.005]
============================================================

============================================================
Run: 2026-03-24T21:25:01.424811
2026-03-24T21:25:01.424811 | markets=463 signals=255 trades=0 closed=0 latency=298ms bal=$0.00 pnl=$0.01

Category Performance:
  crypto_15m         WR=100% trades=1 PnL=$0.01 [edge>=0.005]
============================================================

============================================================
Run: 2026-03-24T21:29:20.175825
2026-03-24T21:29:20.175825 | markets=463 signals=0 trades=0 closed=0 latency=183ms bal=$1000.00 pnl=$0.00

Category Performance:
  crypto_15m         WR=100% trades=1 PnL=$0.01 [edge>=0.005]
============================================================

============================================================
Run: 2026-03-24T21:30:01.467020
2026-03-24T21:30:01.467020 | markets=463 signals=0 trades=0 closed=0 latency=331ms bal=$1000.00 pnl=$0.00

Category Performance:
  crypto_15m         WR=100% trades=1 PnL=$0.01 [edge>=0.005]
============================================================

============================================================
Run: 2026-03-24T21:35:00.552409
2026-03-24T21:35:00.552409 | markets=594 signals=0 trades=0 closed=0 latency=239ms bal=$1000.00 pnl=$0.00

Category Performance:
  crypto_15m         WR=100% trades=1 PnL=$0.01 [edge>=0.005]
============================================================

============================================================
Run: 2026-03-24T21:40:00.613106
2026-03-24T21:40:00.613106 | markets=594 signals=0 trades=0 closed=0 latency=234ms bal=$1000.00 pnl=$0.00

Category Performance:
  crypto_15m         WR=100% trades=1 PnL=$0.01 [edge>=0.005]
============================================================

============================================================
Run: 2026-03-24T21:45:01.351629
2026-03-24T21:45:01.351629 | markets=594 signals=0 trades=0 closed=0 latency=249ms bal=$1000.00 pnl=$0.00

Category Performance:
  crypto_15m         WR=100% trades=1 PnL=$0.01 [edge>=0.005]
============================================================

============================================================
Run: 2026-03-24T21:50:01.282967
2026-03-24T21:50:01.282967 | markets=594 signals=0 trades=0 closed=0 latency=255ms bal=$1000.00 pnl=$0.00

Category Performance:
  crypto_15m         WR=100% trades=1 PnL=$0.01 [edge>=0.005]
============================================================

============================================================
Run: 2026-03-24T21:55:00.736451
2026-03-24T21:55:00.736451 | markets=594 signals=0 trades=0 closed=0 latency=222ms bal=$1000.00 pnl=$0.00

Category Performance:
  crypto_15m         WR=100% trades=1 PnL=$0.01 [edge>=0.005]
============================================================

============================================================
Run: 2026-03-24T22:00:01.502774
2026-03-24T22:00:01.502774 | markets=594 signals=0 trades=0 closed=0 latency=297ms bal=$1000.00 pnl=$0.00

Category Performance:
  crypto_15m         WR=100% trades=1 PnL=$0.01 [edge>=0.005]
============================================================

============================================================
Run: 2026-03-24T22:05:00.553113
2026-03-24T22:05:00.553113 | markets=594 signals=0 trades=0 closed=0 latency=405ms bal=$1000.00 pnl=$0.00

Category Performance:
  crypto_15m         WR=100% trades=1 PnL=$0.01 [edge>=0.005]
============================================================

============================================================
Run: 2026-03-24T22:10:00.652750
2026-03-24T22:10:00.652750 | markets=594 signals=0 trades=0 closed=0 latency=272ms bal=$1000.00 pnl=$0.00

Category Performance:
  crypto_15m         WR=100% trades=1 PnL=$0.01 [edge>=0.005]
============================================================

============================================================
Run: 2026-03-24T22:15:00.883792
2026-03-24T22:15:00.883792 | markets=594 signals=0 trades=0 closed=0 latency=230ms bal=$1000.00 pnl=$0.00

Category Performance:
  crypto_15m         WR=100% trades=1 PnL=$0.01 [edge>=0.005]
============================================================

============================================================
Run: 2026-03-24T22:20:00.497902
2026-03-24T22:20:00.497902 | markets=594 signals=0 trades=0 closed=0 latency=229ms bal=$1000.00 pnl=$0.00

Category Performance:
  crypto_15m         WR=100% trades=1 PnL=$0.01 [edge>=0.005]
============================================================

============================================================
Run: 2026-03-24T22:25:00.881174
2026-03-24T22:25:00.881174 | markets=594 signals=0 trades=0 closed=0 latency=285ms bal=$1000.00 pnl=$0.00

Category Performance:
  crypto_15m         WR=100% trades=1 PnL=$0.01 [edge>=0.005]
============================================================

============================================================
Run: 2026-03-24T22:30:00.939781
2026-03-24T22:30:00.939781 | markets=594 signals=0 trades=0 closed=0 latency=242ms bal=$1000.00 pnl=$0.00

Category Performance:
  crypto_15m         WR=100% trades=1 PnL=$0.01 [edge>=0.005]
============================================================

============================================================
Run: 2026-03-24T22:35:00.598340
2026-03-24T22:35:00.598340 | markets=594 signals=0 trades=0 closed=0 latency=243ms bal=$1000.00 pnl=$0.00

Category Performance:
  crypto_15m         WR=100% trades=1 PnL=$0.01 [edge>=0.005]
============================================================

============================================================
Run: 2026-03-24T22:40:00.750572
2026-03-24T22:40:00.750572 | markets=594 signals=0 trades=0 closed=0 latency=245ms bal=$1000.00 pnl=$0.00

Category Performance:
  crypto_15m         WR=100% trades=1 PnL=$0.01 [edge>=0.005]
============================================================

============================================================
Run: 2026-03-24T22:45:01.353526
2026-03-24T22:45:01.353526 | markets=594 signals=0 trades=0 closed=0 latency=246ms bal=$1000.00 pnl=$0.00

Category Performance:
  crypto_15m         WR=100% trades=1 PnL=$0.01 [edge>=0.005]
============================================================

============================================================
Run: 2026-03-24T22:50:00.835013
2026-03-24T22:50:00.835013 | markets=594 signals=0 trades=0 closed=0 latency=290ms bal=$1000.00 pnl=$0.00

Category Performance:
  crypto_15m         WR=100% trades=1 PnL=$0.01 [edge>=0.005]
============================================================

============================================================
Run: 2026-03-24T22:55:01.220256
2026-03-24T22:55:01.220256 | markets=594 signals=0 trades=0 closed=0 latency=442ms bal=$1000.00 pnl=$0.00

Category Performance:
  crypto_15m         WR=100% trades=1 PnL=$0.01 [edge>=0.005]
============================================================

============================================================
Run: 2026-03-24T23:00:00.535415
2026-03-24T23:00:00.535415 | markets=594 signals=0 trades=0 closed=0 latency=240ms bal=$1000.00 pnl=$0.00

Category Performance:
  crypto_15m         WR=100% trades=1 PnL=$0.01 [edge>=0.005]
============================================================

============================================================
Run: 2026-03-24T23:05:01.070794
2026-03-24T23:05:01.070794 | markets=594 signals=0 trades=0 closed=0 latency=289ms bal=$1000.00 pnl=$0.00

Category Performance:
  crypto_15m         WR=100% trades=1 PnL=$0.01 [edge>=0.005]
============================================================

============================================================
Run: 2026-03-24T23:10:00.945908
2026-03-24T23:10:00.945908 | markets=594 signals=0 trades=0 closed=0 latency=239ms bal=$1000.00 pnl=$0.00

Category Performance:
  crypto_15m         WR=100% trades=1 PnL=$0.01 [edge>=0.005]
============================================================

============================================================
Run: 2026-03-24T23:15:00.596664
2026-03-24T23:15:00.596664 | markets=594 signals=0 trades=0 closed=0 latency=217ms bal=$1000.00 pnl=$0.00

Category Performance:
  crypto_15m         WR=100% trades=1 PnL=$0.01 [edge>=0.005]
============================================================

============================================================
Run: 2026-03-24T23:20:01.153489
2026-03-24T23:20:01.153489 | markets=594 signals=0 trades=0 closed=0 latency=265ms bal=$1000.00 pnl=$0.00

Category Performance:
  crypto_15m         WR=100% trades=1 PnL=$0.01 [edge>=0.005]
============================================================

============================================================
Run: 2026-03-24T23:25:00.607315
2026-03-24T23:25:00.607315 | markets=594 signals=0 trades=0 closed=0 latency=268ms bal=$1000.00 pnl=$0.00

Category Performance:
  crypto_15m         WR=100% trades=1 PnL=$0.01 [edge>=0.005]
============================================================
